---------------------------------------------------------------
[2020-04-07T23:55:30+08:00] 127.0.0.1 GET www.india2.com/lmgadmin//index/index.html
[运行时间：0.110006s] [吞吐率：9.09req/s] [内存消耗：2,025.77kb] [文件加载：73]
[ info ] [ LANG ] D:\www\India-2\thinkphp\lang\zh-cn.php
[ info ] [ ROUTE ] array (
)
[ info ] [ HEADER ] array (
  'cookie' => 'PHPSESSID=7jict41quc9b3bcelp52veed7t; cokieUser=dsUHpsj6T; cokieId=pqsYc; cokieIp=lkAM7ULiOppn-kNHH; cokieBr=klgkRlt-3jMKK; cokieOs=%253Dt2JrAyHkx44Rv1gi; cokieTime=egqn5k0aHeDeILkWS',
  'accept-language' => 'zh-CN,zh;q=0.9,en;q=0.8',
  'accept-encoding' => 'gzip, deflate',
  'referer' => 'http://www.india2.com/lmgadmin//index/index.html',
  'accept' => 'text/html,application/xhtml+xml,application/xml;q=0.9,image/webp,image/apng,*/*;q=0.8,application/signed-exchange;v=b3;q=0.9',
  'user-agent' => 'Mozilla/5.0 (Windows NT 6.1; Win64; x64) AppleWebKit/537.36 (KHTML, like Gecko) Chrome/80.0.3987.149 Safari/537.36',
  'upgrade-insecure-requests' => '1',
  'cache-control' => 'max-age=0',
  'connection' => 'close',
  'host' => 'www.india2.com',
)
[ info ] [ PARAM ] array (
)
---------------------------------------------------------------
[2020-04-07T23:55:31+08:00] 127.0.0.1 GET www.india2.com/lmgadmin/login/index.html
[运行时间：0.093005s] [吞吐率：10.75req/s] [内存消耗：2,116.99kb] [文件加载：73]
[ info ] [ LANG ] D:\www\India-2\thinkphp\lang\zh-cn.php
[ info ] [ ROUTE ] array (
)
[ info ] [ HEADER ] array (
  'cookie' => 'PHPSESSID=7jict41quc9b3bcelp52veed7t',
  'accept-language' => 'zh-CN,zh;q=0.9,en;q=0.8',
  'accept-encoding' => 'gzip, deflate',
  'referer' => 'http://www.india2.com/lmgadmin//index/index.html',
  'accept' => 'text/html,application/xhtml+xml,application/xml;q=0.9,image/webp,image/apng,*/*;q=0.8,application/signed-exchange;v=b3;q=0.9',
  'user-agent' => 'Mozilla/5.0 (Windows NT 6.1; Win64; x64) AppleWebKit/537.36 (KHTML, like Gecko) Chrome/80.0.3987.149 Safari/537.36',
  'upgrade-insecure-requests' => '1',
  'connection' => 'close',
  'host' => 'www.india2.com',
)
[ info ] [ PARAM ] array (
)
[ info ] [ VIEW ] D:\www\India-2\application\lmgadmin\view\login\index.html [ array (
) ]
---------------------------------------------------------------
[2020-04-07T23:55:31+08:00] 127.0.0.1 GET www.india2.com/lmgadmin/login/yzm.html
[运行时间：0.118006s] [吞吐率：8.47req/s] [内存消耗：1,973.78kb] [文件加载：69]
[ info ] [ LANG ] D:\www\India-2\thinkphp\lang\zh-cn.php
[ info ] [ ROUTE ] array (
)
[ info ] [ HEADER ] array (
  'cookie' => 'PHPSESSID=7jict41quc9b3bcelp52veed7t',
  'accept-language' => 'zh-CN,zh;q=0.9,en;q=0.8',
  'accept-encoding' => 'gzip, deflate',
  'referer' => 'http://www.india2.com/lmgadmin/login/index.html',
  'accept' => 'image/webp,image/apng,image/*,*/*;q=0.8',
  'user-agent' => 'Mozilla/5.0 (Windows NT 6.1; Win64; x64) AppleWebKit/537.36 (KHTML, like Gecko) Chrome/80.0.3987.149 Safari/537.36',
  'connection' => 'close',
  'host' => 'www.india2.com',
)
[ info ] [ PARAM ] array (
)
---------------------------------------------------------------
[2020-04-07T23:55:39+08:00] 127.0.0.1 POST www.india2.com/lmgadmin/login/yzadd.html
[运行时间：0.115007s] [吞吐率：8.70req/s] [内存消耗：3,445.74kb] [文件加载：91]
[ info ] [ LANG ] D:\www\India-2\thinkphp\lang\zh-cn.php
[ info ] [ ROUTE ] array (
)
[ info ] [ HEADER ] array (
  'cookie' => 'PHPSESSID=7jict41quc9b3bcelp52veed7t',
  'accept-language' => 'zh-CN,zh;q=0.9,en;q=0.8',
  'accept-encoding' => 'gzip, deflate',
  'referer' => 'http://www.india2.com/lmgadmin/login/index.html',
  'origin' => 'http://www.india2.com',
  'content-type' => 'application/x-www-form-urlencoded; charset=UTF-8',
  'user-agent' => 'Mozilla/5.0 (Windows NT 6.1; Win64; x64) AppleWebKit/537.36 (KHTML, like Gecko) Chrome/80.0.3987.149 Safari/537.36',
  'x-requested-with' => 'XMLHttpRequest',
  'accept' => '*/*',
  'content-length' => '41',
  'connection' => 'close',
  'host' => 'www.india2.com',
)
[ info ] [ PARAM ] array (
  'username' => 'dakun',
  'password' => 'dakun007',
  'yzm' => 'rhmy',
)
[ info ] [ DB ] INIT mysql
[ sql ] [ DB ] CONNECT:[ UseTime:0.001000s ] mysql:host=127.0.0.1;dbname=India-2;charset=utf8
[ sql ] [ SQL ] SHOW COLUMNS FROM `ln_admin` [ RunTime:0.001000s ]
[ sql ] [ SQL ] SELECT * FROM `ln_admin` WHERE  `username` = 'dakun' LIMIT 1 [ RunTime:0.000000s ]
[ sql ] [ SQL ] SHOW COLUMNS FROM `ln_adminrecord` [ RunTime:0.003000s ]
[ sql ] [ SQL ] INSERT INTO `ln_adminrecord` (`admin_id` , `record_time` , `ip` , `ipaddr` , `bro` , `os`) VALUES (6 , 1586274939 , '2130706433' , '本地局网地址' , 'Chrome' , 'windows') [ RunTime:0.000000s ]
---------------------------------------------------------------
[2020-04-07T23:55:39+08:00] 127.0.0.1 GET www.india2.com/lmgadmin//login/yzm.html?id=85.48386697187975
[运行时间：0.064003s] [吞吐率：15.62req/s] [内存消耗：1,974.72kb] [文件加载：69]
[ info ] [ LANG ] D:\www\India-2\thinkphp\lang\zh-cn.php
[ info ] [ ROUTE ] array (
)
[ info ] [ HEADER ] array (
  'cookie' => 'PHPSESSID=7jict41quc9b3bcelp52veed7t; cokieUser=%253D6pqdPFrx; cokieId=fPjRC; cokieIp=fOmW2bbs1PyRDiFBC; cokieBr=-t2DtCDbl80ki; cokieOs=UWboBHOe7DIK6UUH4; cokieTime=bblR0NwK2dmbFLM%253DM',
  'accept-language' => 'zh-CN,zh;q=0.9,en;q=0.8',
  'accept-encoding' => 'gzip, deflate',
  'referer' => 'http://www.india2.com/lmgadmin/login/index.html',
  'accept' => 'image/webp,image/apng,image/*,*/*;q=0.8',
  'user-agent' => 'Mozilla/5.0 (Windows NT 6.1; Win64; x64) AppleWebKit/537.36 (KHTML, like Gecko) Chrome/80.0.3987.149 Safari/537.36',
  'connection' => 'close',
  'host' => 'www.india2.com',
)
[ info ] [ PARAM ] array (
  'id' => '85.48386697187975',
)
---------------------------------------------------------------
[2020-04-07T23:55:40+08:00] 127.0.0.1 GET www.india2.com/lmgadmin//index/index.html
[运行时间：0.129008s] [吞吐率：7.75req/s] [内存消耗：3,675.38kb] [文件加载：93]
[ info ] [ LANG ] D:\www\India-2\thinkphp\lang\zh-cn.php
[ info ] [ ROUTE ] array (
)
[ info ] [ HEADER ] array (
  'cookie' => 'PHPSESSID=7jict41quc9b3bcelp52veed7t; cokieUser=%253D6pqdPFrx; cokieId=fPjRC; cokieIp=fOmW2bbs1PyRDiFBC; cokieBr=-t2DtCDbl80ki; cokieOs=UWboBHOe7DIK6UUH4; cokieTime=bblR0NwK2dmbFLM%253DM',
  'accept-language' => 'zh-CN,zh;q=0.9,en;q=0.8',
  'accept-encoding' => 'gzip, deflate',
  'referer' => 'http://www.india2.com/lmgadmin/login/index.html',
  'accept' => 'text/html,application/xhtml+xml,application/xml;q=0.9,image/webp,image/apng,*/*;q=0.8,application/signed-exchange;v=b3;q=0.9',
  'user-agent' => 'Mozilla/5.0 (Windows NT 6.1; Win64; x64) AppleWebKit/537.36 (KHTML, like Gecko) Chrome/80.0.3987.149 Safari/537.36',
  'upgrade-insecure-requests' => '1',
  'connection' => 'close',
  'host' => 'www.india2.com',
)
[ info ] [ PARAM ] array (
)
[ info ] [ DB ] INIT mysql
[ info ] [ VIEW ] D:\www\India-2\application\lmgadmin\view\index\index.html [ array (
  0 => 'personal',
  1 => 'column',
  2 => 'AdminArray',
) ]
[ sql ] [ DB ] CONNECT:[ UseTime:0.001000s ] mysql:host=127.0.0.1;dbname=India-2;charset=utf8
[ sql ] [ SQL ] SHOW COLUMNS FROM `ln_role` [ RunTime:0.004000s ]
[ sql ] [ SQL ] SELECT * FROM `ln_role` WHERE  `role_id` = 1 LIMIT 1 [ RunTime:0.001000s ]
[ sql ] [ SQL ] SHOW COLUMNS FROM `ln_power` [ RunTime:0.004000s ]
[ sql ] [ SQL ] SELECT * FROM `ln_power` WHERE  `power_id` IN (17,12,13,14,15,16,18,19,20,21,22,23,24,25) ORDER BY `sort` DESC [ RunTime:0.001000s ]
[ sql ] [ SQL ] SELECT * FROM `ln_power` WHERE  `grade` = 1 ORDER BY `sort` DESC [ RunTime:0.001000s ]
[ sql ] [ SQL ] SELECT * FROM `ln_power` WHERE  `grade` = 2 ORDER BY `sort` DESC [ RunTime:0.001000s ]
[ sql ] [ SQL ] SELECT * FROM `ln_power` WHERE  `grade` = 3 ORDER BY `sort` DESC [ RunTime:0.001000s ]
---------------------------------------------------------------
[2020-04-07T23:55:41+08:00] 127.0.0.1 POST www.india2.com/lmgadmin/Index/home.html
[运行时间：0.097006s] [吞吐率：10.31req/s] [内存消耗：2,380.65kb] [文件加载：82]
[ info ] [ LANG ] D:\www\India-2\thinkphp\lang\zh-cn.php
[ info ] [ ROUTE ] array (
)
[ info ] [ HEADER ] array (
  'cookie' => 'PHPSESSID=7jict41quc9b3bcelp52veed7t; cokieUser=%253D6pqdPFrx; cokieId=fPjRC; cokieIp=fOmW2bbs1PyRDiFBC; cokieBr=-t2DtCDbl80ki; cokieOs=UWboBHOe7DIK6UUH4; cokieTime=bblR0NwK2dmbFLM%253DM',
  'accept-language' => 'zh-CN,zh;q=0.9,en;q=0.8',
  'accept-encoding' => 'gzip, deflate',
  'referer' => 'http://www.india2.com/lmgadmin//index/index.html',
  'origin' => 'http://www.india2.com',
  'adddate' => '1',
  'user-agent' => 'Mozilla/5.0 (Windows NT 6.1; Win64; x64) AppleWebKit/537.36 (KHTML, like Gecko) Chrome/80.0.3987.149 Safari/537.36',
  'x-requested-with' => 'XMLHttpRequest',
  'accept' => '*/*',
  'content-length' => '0',
  'connection' => 'close',
  'host' => 'www.india2.com',
)
[ info ] [ PARAM ] array (
)
---------------------------------------------------------------
[2020-04-07T23:55:43+08:00] 127.0.0.1 POST www.india2.com/lmgadmin/Contactus/index.html
[运行时间：0.125007s] [吞吐率：8.00req/s] [内存消耗：3,618.23kb] [文件加载：94]
[ info ] [ LANG ] D:\www\India-2\thinkphp\lang\zh-cn.php
[ info ] [ ROUTE ] array (
)
[ info ] [ HEADER ] array (
  'cookie' => 'PHPSESSID=7jict41quc9b3bcelp52veed7t; cokieUser=%253D6pqdPFrx; cokieId=fPjRC; cokieIp=fOmW2bbs1PyRDiFBC; cokieBr=-t2DtCDbl80ki; cokieOs=UWboBHOe7DIK6UUH4; cokieTime=bblR0NwK2dmbFLM%253DM',
  'accept-language' => 'zh-CN,zh;q=0.9,en;q=0.8',
  'accept-encoding' => 'gzip, deflate',
  'referer' => 'http://www.india2.com/lmgadmin//index/index.html',
  'origin' => 'http://www.india2.com',
  'adddate' => '1',
  'user-agent' => 'Mozilla/5.0 (Windows NT 6.1; Win64; x64) AppleWebKit/537.36 (KHTML, like Gecko) Chrome/80.0.3987.149 Safari/537.36',
  'x-requested-with' => 'XMLHttpRequest',
  'accept' => '*/*',
  'content-length' => '0',
  'connection' => 'close',
  'host' => 'www.india2.com',
)
[ info ] [ PARAM ] array (
)
[ info ] [ DB ] INIT mysql
[ info ] [ VIEW ] D:\www\India-2\application\lmgadmin\view\contactus\index.html [ array (
  0 => 'personal',
  1 => 'data',
) ]
[ sql ] [ DB ] CONNECT:[ UseTime:0.010001s ] mysql:host=127.0.0.1;dbname=India-2;charset=utf8
[ sql ] [ SQL ] SHOW COLUMNS FROM `ln_contactus` [ RunTime:0.004000s ]
[ sql ] [ SQL ] SELECT * FROM `ln_contactus` WHERE  `contactus_id` = 1 LIMIT 1 [ RunTime:0.001000s ]
---------------------------------------------------------------
[2020-04-07T23:55:43+08:00] 127.0.0.1 GET www.india2.com/lmgadmin/baidu/lang/zh-cn/zh-cn.js
[运行时间：0.055003s] [吞吐率：18.18req/s] [内存消耗：1,914.23kb] [文件加载：67]
[ info ] [ LANG ] D:\www\India-2\thinkphp\lang\zh-cn.php
[ info ] [ ROUTE ] array (
)
[ info ] [ HEADER ] array (
  'cookie' => 'PHPSESSID=7jict41quc9b3bcelp52veed7t; cokieUser=%253D6pqdPFrx; cokieId=fPjRC; cokieIp=fOmW2bbs1PyRDiFBC; cokieBr=-t2DtCDbl80ki; cokieOs=UWboBHOe7DIK6UUH4; cokieTime=bblR0NwK2dmbFLM%253DM',
  'accept-language' => 'zh-CN,zh;q=0.9,en;q=0.8',
  'accept-encoding' => 'gzip, deflate',
  'referer' => 'http://www.india2.com/lmgadmin//index/index.html',
  'user-agent' => 'Mozilla/5.0 (Windows NT 6.1; Win64; x64) AppleWebKit/537.36 (KHTML, like Gecko) Chrome/80.0.3987.149 Safari/537.36',
  'x-requested-with' => 'XMLHttpRequest',
  'accept' => 'text/javascript, application/javascript, application/ecmascript, application/x-ecmascript, */*; q=0.01',
  'connection' => 'close',
  'host' => 'www.india2.com',
)
[ info ] [ PARAM ] array (
  'cn' => 'zh-cn.js',
)
---------------------------------------------------------------
[2020-04-07T23:55:45+08:00] 127.0.0.1 GET www.india2.com/lmgadmin//index/index.html
[运行时间：0.078004s] [吞吐率：12.82req/s] [内存消耗：2,446.19kb] [文件加载：84]
[ info ] [ LANG ] D:\www\India-2\thinkphp\lang\zh-cn.php
[ info ] [ ROUTE ] array (
)
[ info ] [ HEADER ] array (
  'cookie' => 'PHPSESSID=7jict41quc9b3bcelp52veed7t; cokieUser=%253D6pqdPFrx; cokieId=fPjRC; cokieIp=fOmW2bbs1PyRDiFBC; cokieBr=-t2DtCDbl80ki; cokieOs=UWboBHOe7DIK6UUH4; cokieTime=bblR0NwK2dmbFLM%253DM',
  'accept-language' => 'zh-CN,zh;q=0.9,en;q=0.8',
  'accept-encoding' => 'gzip, deflate',
  'referer' => 'http://www.india2.com/lmgadmin//index/index.html',
  'accept' => 'text/html,application/xhtml+xml,application/xml;q=0.9,image/webp,image/apng,*/*;q=0.8,application/signed-exchange;v=b3;q=0.9',
  'user-agent' => 'Mozilla/5.0 (Windows NT 6.1; Win64; x64) AppleWebKit/537.36 (KHTML, like Gecko) Chrome/80.0.3987.149 Safari/537.36',
  'upgrade-insecure-requests' => '1',
  'cache-control' => 'max-age=0',
  'connection' => 'close',
  'host' => 'www.india2.com',
)
[ info ] [ PARAM ] array (
)
[ info ] [ VIEW ] D:\www\India-2\application\lmgadmin\view\index\index.html [ array (
  0 => 'personal',
  1 => 'column',
  2 => 'AdminArray',
) ]
---------------------------------------------------------------
[2020-04-07T23:55:46+08:00] 127.0.0.1 POST www.india2.com/lmgadmin/Contactus/index.html
[运行时间：0.101005s] [吞吐率：9.90req/s] [内存消耗：2,473.89kb] [文件加载：87]
[ info ] [ LANG ] D:\www\India-2\thinkphp\lang\zh-cn.php
[ info ] [ ROUTE ] array (
)
[ info ] [ HEADER ] array (
  'cookie' => 'PHPSESSID=7jict41quc9b3bcelp52veed7t; cokieUser=%253D6pqdPFrx; cokieId=fPjRC; cokieIp=fOmW2bbs1PyRDiFBC; cokieBr=-t2DtCDbl80ki; cokieOs=UWboBHOe7DIK6UUH4; cokieTime=bblR0NwK2dmbFLM%253DM',
  'accept-language' => 'zh-CN,zh;q=0.9,en;q=0.8',
  'accept-encoding' => 'gzip, deflate',
  'referer' => 'http://www.india2.com/lmgadmin//index/index.html',
  'origin' => 'http://www.india2.com',
  'adddate' => '1',
  'user-agent' => 'Mozilla/5.0 (Windows NT 6.1; Win64; x64) AppleWebKit/537.36 (KHTML, like Gecko) Chrome/80.0.3987.149 Safari/537.36',
  'x-requested-with' => 'XMLHttpRequest',
  'accept' => '*/*',
  'content-length' => '0',
  'connection' => 'close',
  'host' => 'www.india2.com',
)
[ info ] [ PARAM ] array (
)
[ info ] [ VIEW ] D:\www\India-2\application\lmgadmin\view\contactus\index.html [ array (
  0 => 'personal',
  1 => 'data',
) ]
---------------------------------------------------------------
[2020-04-07T23:55:46+08:00] 127.0.0.1 GET www.india2.com/lmgadmin/baidu/lang/zh-cn/zh-cn.js
[运行时间：0.062004s] [吞吐率：16.13req/s] [内存消耗：1,914.23kb] [文件加载：67]
[ info ] [ LANG ] D:\www\India-2\thinkphp\lang\zh-cn.php
[ info ] [ ROUTE ] array (
)
[ info ] [ HEADER ] array (
  'cookie' => 'PHPSESSID=7jict41quc9b3bcelp52veed7t; cokieUser=%253D6pqdPFrx; cokieId=fPjRC; cokieIp=fOmW2bbs1PyRDiFBC; cokieBr=-t2DtCDbl80ki; cokieOs=UWboBHOe7DIK6UUH4; cokieTime=bblR0NwK2dmbFLM%253DM',
  'accept-language' => 'zh-CN,zh;q=0.9,en;q=0.8',
  'accept-encoding' => 'gzip, deflate',
  'referer' => 'http://www.india2.com/lmgadmin//index/index.html',
  'user-agent' => 'Mozilla/5.0 (Windows NT 6.1; Win64; x64) AppleWebKit/537.36 (KHTML, like Gecko) Chrome/80.0.3987.149 Safari/537.36',
  'x-requested-with' => 'XMLHttpRequest',
  'accept' => 'text/javascript, application/javascript, application/ecmascript, application/x-ecmascript, */*; q=0.01',
  'connection' => 'close',
  'host' => 'www.india2.com',
)
[ info ] [ PARAM ] array (
  'cn' => 'zh-cn.js',
)
---------------------------------------------------------------
[2020-04-07T23:55:47+08:00] 127.0.0.1 POST www.india2.com/lmgadmin/Faq/index.html
[运行时间：0.120006s] [吞吐率：8.33req/s] [内存消耗：3,618.01kb] [文件加载：94]
[ info ] [ LANG ] D:\www\India-2\thinkphp\lang\zh-cn.php
[ info ] [ ROUTE ] array (
)
[ info ] [ HEADER ] array (
  'cookie' => 'PHPSESSID=7jict41quc9b3bcelp52veed7t; cokieUser=%253D6pqdPFrx; cokieId=fPjRC; cokieIp=fOmW2bbs1PyRDiFBC; cokieBr=-t2DtCDbl80ki; cokieOs=UWboBHOe7DIK6UUH4; cokieTime=bblR0NwK2dmbFLM%253DM',
  'accept-language' => 'zh-CN,zh;q=0.9,en;q=0.8',
  'accept-encoding' => 'gzip, deflate',
  'referer' => 'http://www.india2.com/lmgadmin//index/index.html',
  'origin' => 'http://www.india2.com',
  'adddate' => '1',
  'user-agent' => 'Mozilla/5.0 (Windows NT 6.1; Win64; x64) AppleWebKit/537.36 (KHTML, like Gecko) Chrome/80.0.3987.149 Safari/537.36',
  'x-requested-with' => 'XMLHttpRequest',
  'accept' => '*/*',
  'content-length' => '0',
  'connection' => 'close',
  'host' => 'www.india2.com',
)
[ info ] [ PARAM ] array (
)
[ info ] [ DB ] INIT mysql
[ info ] [ VIEW ] D:\www\India-2\application\lmgadmin\view\faq\index.html [ array (
  0 => 'personal',
  1 => 'data',
) ]
[ sql ] [ DB ] CONNECT:[ UseTime:0.010000s ] mysql:host=127.0.0.1;dbname=India-2;charset=utf8
[ sql ] [ SQL ] SHOW COLUMNS FROM `ln_faq` [ RunTime:0.004001s ]
[ sql ] [ SQL ] SELECT * FROM `ln_faq` WHERE  `faq_id` = 1 LIMIT 1 [ RunTime:0.001000s ]
---------------------------------------------------------------
[2020-04-07T23:55:47+08:00] 127.0.0.1 GET www.india2.com/lmgadmin/baidu/lang/zh-cn/zh-cn.js
[运行时间：0.058003s] [吞吐率：17.24req/s] [内存消耗：1,914.23kb] [文件加载：67]
[ info ] [ LANG ] D:\www\India-2\thinkphp\lang\zh-cn.php
[ info ] [ ROUTE ] array (
)
[ info ] [ HEADER ] array (
  'cookie' => 'PHPSESSID=7jict41quc9b3bcelp52veed7t; cokieUser=%253D6pqdPFrx; cokieId=fPjRC; cokieIp=fOmW2bbs1PyRDiFBC; cokieBr=-t2DtCDbl80ki; cokieOs=UWboBHOe7DIK6UUH4; cokieTime=bblR0NwK2dmbFLM%253DM',
  'accept-language' => 'zh-CN,zh;q=0.9,en;q=0.8',
  'accept-encoding' => 'gzip, deflate',
  'referer' => 'http://www.india2.com/lmgadmin//index/index.html',
  'user-agent' => 'Mozilla/5.0 (Windows NT 6.1; Win64; x64) AppleWebKit/537.36 (KHTML, like Gecko) Chrome/80.0.3987.149 Safari/537.36',
  'x-requested-with' => 'XMLHttpRequest',
  'accept' => 'text/javascript, application/javascript, application/ecmascript, application/x-ecmascript, */*; q=0.01',
  'connection' => 'close',
  'host' => 'www.india2.com',
)
[ info ] [ PARAM ] array (
  'cn' => 'zh-cn.js',
)
---------------------------------------------------------------
[2020-04-07T23:55:49+08:00] 127.0.0.1 POST www.india2.com/lmgadmin/Shippinginfo/index.html
[运行时间：0.106006s] [吞吐率：9.43req/s] [内存消耗：3,619.09kb] [文件加载：94]
[ info ] [ LANG ] D:\www\India-2\thinkphp\lang\zh-cn.php
[ info ] [ ROUTE ] array (
)
[ info ] [ HEADER ] array (
  'cookie' => 'PHPSESSID=7jict41quc9b3bcelp52veed7t; cokieUser=%253D6pqdPFrx; cokieId=fPjRC; cokieIp=fOmW2bbs1PyRDiFBC; cokieBr=-t2DtCDbl80ki; cokieOs=UWboBHOe7DIK6UUH4; cokieTime=bblR0NwK2dmbFLM%253DM',
  'accept-language' => 'zh-CN,zh;q=0.9,en;q=0.8',
  'accept-encoding' => 'gzip, deflate',
  'referer' => 'http://www.india2.com/lmgadmin//index/index.html',
  'origin' => 'http://www.india2.com',
  'adddate' => '1',
  'user-agent' => 'Mozilla/5.0 (Windows NT 6.1; Win64; x64) AppleWebKit/537.36 (KHTML, like Gecko) Chrome/80.0.3987.149 Safari/537.36',
  'x-requested-with' => 'XMLHttpRequest',
  'accept' => '*/*',
  'content-length' => '0',
  'connection' => 'close',
  'host' => 'www.india2.com',
)
[ info ] [ PARAM ] array (
)
[ info ] [ DB ] INIT mysql
[ info ] [ VIEW ] D:\www\India-2\application\lmgadmin\view\shippinginfo\index.html [ array (
  0 => 'personal',
  1 => 'data',
) ]
[ sql ] [ DB ] CONNECT:[ UseTime:0.003000s ] mysql:host=127.0.0.1;dbname=India-2;charset=utf8
[ sql ] [ SQL ] SHOW COLUMNS FROM `ln_shippinginfo` [ RunTime:0.002000s ]
[ sql ] [ SQL ] SELECT * FROM `ln_shippinginfo` WHERE  `shippinginfo_id` = 1 LIMIT 1 [ RunTime:0.001001s ]
---------------------------------------------------------------
[2020-04-07T23:55:49+08:00] 127.0.0.1 GET www.india2.com/lmgadmin/baidu/lang/zh-cn/zh-cn.js
[运行时间：0.056003s] [吞吐率：17.86req/s] [内存消耗：1,914.23kb] [文件加载：67]
[ info ] [ LANG ] D:\www\India-2\thinkphp\lang\zh-cn.php
[ info ] [ ROUTE ] array (
)
[ info ] [ HEADER ] array (
  'cookie' => 'PHPSESSID=7jict41quc9b3bcelp52veed7t; cokieUser=%253D6pqdPFrx; cokieId=fPjRC; cokieIp=fOmW2bbs1PyRDiFBC; cokieBr=-t2DtCDbl80ki; cokieOs=UWboBHOe7DIK6UUH4; cokieTime=bblR0NwK2dmbFLM%253DM',
  'accept-language' => 'zh-CN,zh;q=0.9,en;q=0.8',
  'accept-encoding' => 'gzip, deflate',
  'referer' => 'http://www.india2.com/lmgadmin//index/index.html',
  'user-agent' => 'Mozilla/5.0 (Windows NT 6.1; Win64; x64) AppleWebKit/537.36 (KHTML, like Gecko) Chrome/80.0.3987.149 Safari/537.36',
  'x-requested-with' => 'XMLHttpRequest',
  'accept' => 'text/javascript, application/javascript, application/ecmascript, application/x-ecmascript, */*; q=0.01',
  'connection' => 'close',
  'host' => 'www.india2.com',
)
[ info ] [ PARAM ] array (
  'cn' => 'zh-cn.js',
)
---------------------------------------------------------------
[2020-04-07T23:55:50+08:00] 127.0.0.1 POST www.india2.com/lmgadmin/Aboutus/index.html
[运行时间：0.099005s] [吞吐率：10.10req/s] [内存消耗：3,618.91kb] [文件加载：94]
[ info ] [ LANG ] D:\www\India-2\thinkphp\lang\zh-cn.php
[ info ] [ ROUTE ] array (
)
[ info ] [ HEADER ] array (
  'cookie' => 'PHPSESSID=7jict41quc9b3bcelp52veed7t; cokieUser=%253D6pqdPFrx; cokieId=fPjRC; cokieIp=fOmW2bbs1PyRDiFBC; cokieBr=-t2DtCDbl80ki; cokieOs=UWboBHOe7DIK6UUH4; cokieTime=bblR0NwK2dmbFLM%253DM',
  'accept-language' => 'zh-CN,zh;q=0.9,en;q=0.8',
  'accept-encoding' => 'gzip, deflate',
  'referer' => 'http://www.india2.com/lmgadmin//index/index.html',
  'origin' => 'http://www.india2.com',
  'adddate' => '1',
  'user-agent' => 'Mozilla/5.0 (Windows NT 6.1; Win64; x64) AppleWebKit/537.36 (KHTML, like Gecko) Chrome/80.0.3987.149 Safari/537.36',
  'x-requested-with' => 'XMLHttpRequest',
  'accept' => '*/*',
  'content-length' => '0',
  'connection' => 'close',
  'host' => 'www.india2.com',
)
[ info ] [ PARAM ] array (
)
[ info ] [ DB ] INIT mysql
[ info ] [ VIEW ] D:\www\India-2\application\lmgadmin\view\aboutus\index.html [ array (
  0 => 'personal',
  1 => 'data',
) ]
[ sql ] [ DB ] CONNECT:[ UseTime:0.001000s ] mysql:host=127.0.0.1;dbname=India-2;charset=utf8
[ sql ] [ SQL ] SHOW COLUMNS FROM `ln_aboutus` [ RunTime:0.000000s ]
[ sql ] [ SQL ] SELECT * FROM `ln_aboutus` WHERE  `aboutus_id` = 1 LIMIT 1 [ RunTime:0.000000s ]
---------------------------------------------------------------
[2020-04-07T23:55:50+08:00] 127.0.0.1 GET www.india2.com/lmgadmin/baidu/lang/zh-cn/zh-cn.js
[运行时间：0.054003s] [吞吐率：18.52req/s] [内存消耗：1,914.23kb] [文件加载：67]
[ info ] [ LANG ] D:\www\India-2\thinkphp\lang\zh-cn.php
[ info ] [ ROUTE ] array (
)
[ info ] [ HEADER ] array (
  'cookie' => 'PHPSESSID=7jict41quc9b3bcelp52veed7t; cokieUser=%253D6pqdPFrx; cokieId=fPjRC; cokieIp=fOmW2bbs1PyRDiFBC; cokieBr=-t2DtCDbl80ki; cokieOs=UWboBHOe7DIK6UUH4; cokieTime=bblR0NwK2dmbFLM%253DM',
  'accept-language' => 'zh-CN,zh;q=0.9,en;q=0.8',
  'accept-encoding' => 'gzip, deflate',
  'referer' => 'http://www.india2.com/lmgadmin//index/index.html',
  'user-agent' => 'Mozilla/5.0 (Windows NT 6.1; Win64; x64) AppleWebKit/537.36 (KHTML, like Gecko) Chrome/80.0.3987.149 Safari/537.36',
  'x-requested-with' => 'XMLHttpRequest',
  'accept' => 'text/javascript, application/javascript, application/ecmascript, application/x-ecmascript, */*; q=0.01',
  'connection' => 'close',
  'host' => 'www.india2.com',
)
[ info ] [ PARAM ] array (
  'cn' => 'zh-cn.js',
)
---------------------------------------------------------------
[2020-04-07T23:55:51+08:00] 127.0.0.1 POST www.india2.com/lmgadmin/Faq/index.html
[运行时间：0.077005s] [吞吐率：12.99req/s] [内存消耗：2,473.71kb] [文件加载：87]
[ info ] [ LANG ] D:\www\India-2\thinkphp\lang\zh-cn.php
[ info ] [ ROUTE ] array (
)
[ info ] [ HEADER ] array (
  'cookie' => 'PHPSESSID=7jict41quc9b3bcelp52veed7t; cokieUser=%253D6pqdPFrx; cokieId=fPjRC; cokieIp=fOmW2bbs1PyRDiFBC; cokieBr=-t2DtCDbl80ki; cokieOs=UWboBHOe7DIK6UUH4; cokieTime=bblR0NwK2dmbFLM%253DM',
  'accept-language' => 'zh-CN,zh;q=0.9,en;q=0.8',
  'accept-encoding' => 'gzip, deflate',
  'referer' => 'http://www.india2.com/lmgadmin//index/index.html',
  'origin' => 'http://www.india2.com',
  'adddate' => '1',
  'user-agent' => 'Mozilla/5.0 (Windows NT 6.1; Win64; x64) AppleWebKit/537.36 (KHTML, like Gecko) Chrome/80.0.3987.149 Safari/537.36',
  'x-requested-with' => 'XMLHttpRequest',
  'accept' => '*/*',
  'content-length' => '0',
  'connection' => 'close',
  'host' => 'www.india2.com',
)
[ info ] [ PARAM ] array (
)
[ info ] [ VIEW ] D:\www\India-2\application\lmgadmin\view\faq\index.html [ array (
  0 => 'personal',
  1 => 'data',
) ]
---------------------------------------------------------------
[2020-04-07T23:55:51+08:00] 127.0.0.1 GET www.india2.com/lmgadmin/baidu/lang/zh-cn/zh-cn.js
[运行时间：0.057003s] [吞吐率：17.54req/s] [内存消耗：1,914.23kb] [文件加载：67]
[ info ] [ LANG ] D:\www\India-2\thinkphp\lang\zh-cn.php
[ info ] [ ROUTE ] array (
)
[ info ] [ HEADER ] array (
  'cookie' => 'PHPSESSID=7jict41quc9b3bcelp52veed7t; cokieUser=%253D6pqdPFrx; cokieId=fPjRC; cokieIp=fOmW2bbs1PyRDiFBC; cokieBr=-t2DtCDbl80ki; cokieOs=UWboBHOe7DIK6UUH4; cokieTime=bblR0NwK2dmbFLM%253DM',
  'accept-language' => 'zh-CN,zh;q=0.9,en;q=0.8',
  'accept-encoding' => 'gzip, deflate',
  'referer' => 'http://www.india2.com/lmgadmin//index/index.html',
  'user-agent' => 'Mozilla/5.0 (Windows NT 6.1; Win64; x64) AppleWebKit/537.36 (KHTML, like Gecko) Chrome/80.0.3987.149 Safari/537.36',
  'x-requested-with' => 'XMLHttpRequest',
  'accept' => 'text/javascript, application/javascript, application/ecmascript, application/x-ecmascript, */*; q=0.01',
  'connection' => 'close',
  'host' => 'www.india2.com',
)
[ info ] [ PARAM ] array (
  'cn' => 'zh-cn.js',
)
---------------------------------------------------------------
[2020-04-07T23:55:52+08:00] 127.0.0.1 POST www.india2.com/lmgadmin/Contactus/index.html
[运行时间：0.078005s] [吞吐率：12.82req/s] [内存消耗：2,473.89kb] [文件加载：87]
[ info ] [ LANG ] D:\www\India-2\thinkphp\lang\zh-cn.php
[ info ] [ ROUTE ] array (
)
[ info ] [ HEADER ] array (
  'cookie' => 'PHPSESSID=7jict41quc9b3bcelp52veed7t; cokieUser=%253D6pqdPFrx; cokieId=fPjRC; cokieIp=fOmW2bbs1PyRDiFBC; cokieBr=-t2DtCDbl80ki; cokieOs=UWboBHOe7DIK6UUH4; cokieTime=bblR0NwK2dmbFLM%253DM',
  'accept-language' => 'zh-CN,zh;q=0.9,en;q=0.8',
  'accept-encoding' => 'gzip, deflate',
  'referer' => 'http://www.india2.com/lmgadmin//index/index.html',
  'origin' => 'http://www.india2.com',
  'adddate' => '1',
  'user-agent' => 'Mozilla/5.0 (Windows NT 6.1; Win64; x64) AppleWebKit/537.36 (KHTML, like Gecko) Chrome/80.0.3987.149 Safari/537.36',
  'x-requested-with' => 'XMLHttpRequest',
  'accept' => '*/*',
  'content-length' => '0',
  'connection' => 'close',
  'host' => 'www.india2.com',
)
[ info ] [ PARAM ] array (
)
[ info ] [ VIEW ] D:\www\India-2\application\lmgadmin\view\contactus\index.html [ array (
  0 => 'personal',
  1 => 'data',
) ]
---------------------------------------------------------------
[2020-04-07T23:55:53+08:00] 127.0.0.1 GET www.india2.com/lmgadmin/baidu/lang/zh-cn/zh-cn.js
[运行时间：0.057003s] [吞吐率：17.54req/s] [内存消耗：1,914.23kb] [文件加载：67]
[ info ] [ LANG ] D:\www\India-2\thinkphp\lang\zh-cn.php
[ info ] [ ROUTE ] array (
)
[ info ] [ HEADER ] array (
  'cookie' => 'PHPSESSID=7jict41quc9b3bcelp52veed7t; cokieUser=%253D6pqdPFrx; cokieId=fPjRC; cokieIp=fOmW2bbs1PyRDiFBC; cokieBr=-t2DtCDbl80ki; cokieOs=UWboBHOe7DIK6UUH4; cokieTime=bblR0NwK2dmbFLM%253DM',
  'accept-language' => 'zh-CN,zh;q=0.9,en;q=0.8',
  'accept-encoding' => 'gzip, deflate',
  'referer' => 'http://www.india2.com/lmgadmin//index/index.html',
  'user-agent' => 'Mozilla/5.0 (Windows NT 6.1; Win64; x64) AppleWebKit/537.36 (KHTML, like Gecko) Chrome/80.0.3987.149 Safari/537.36',
  'x-requested-with' => 'XMLHttpRequest',
  'accept' => 'text/javascript, application/javascript, application/ecmascript, application/x-ecmascript, */*; q=0.01',
  'connection' => 'close',
  'host' => 'www.india2.com',
)
[ info ] [ PARAM ] array (
  'cn' => 'zh-cn.js',
)
---------------------------------------------------------------
[2020-04-07T23:56:01+08:00] 127.0.0.1 POST www.india2.com/lmgadmin/contactus/edit.html
[运行时间：0.091005s] [吞吐率：10.99req/s] [内存消耗：3,311.83kb] [文件加载：92]
[ info ] [ LANG ] D:\www\India-2\thinkphp\lang\zh-cn.php
[ info ] [ ROUTE ] array (
)
[ info ] [ HEADER ] array (
  'cookie' => 'PHPSESSID=7jict41quc9b3bcelp52veed7t; cokieUser=%253D6pqdPFrx; cokieId=fPjRC; cokieIp=fOmW2bbs1PyRDiFBC; cokieBr=-t2DtCDbl80ki; cokieOs=UWboBHOe7DIK6UUH4; cokieTime=bblR0NwK2dmbFLM%253DM',
  'accept-language' => 'zh-CN,zh;q=0.9,en;q=0.8',
  'accept-encoding' => 'gzip, deflate',
  'referer' => 'http://www.india2.com/lmgadmin//index/index.html',
  'origin' => 'http://www.india2.com',
  'content-type' => 'application/x-www-form-urlencoded; charset=UTF-8',
  'adddate' => '2',
  'user-agent' => 'Mozilla/5.0 (Windows NT 6.1; Win64; x64) AppleWebKit/537.36 (KHTML, like Gecko) Chrome/80.0.3987.149 Safari/537.36',
  'x-requested-with' => 'XMLHttpRequest',
  'accept' => '*/*',
  'content-length' => '80',
  'connection' => 'close',
  'host' => 'www.india2.com',
)
[ info ] [ PARAM ] array (
  'username' => 'l联系我们2131',
  'content' => '<p>1231</p>',
)
[ info ] [ DB ] INIT mysql
[ error ] [0]method not exist:app\common\model\Faq->check[D:\www\India-2\thinkphp\library\think\db\Query.php:180]
---------------------------------------------------------------
[2020-04-07T23:56:04+08:00] 127.0.0.1 POST www.india2.com/lmgadmin/contactus/edit.html
[运行时间：0.088005s] [吞吐率：11.36req/s] [内存消耗：3,311.83kb] [文件加载：92]
[ info ] [ LANG ] D:\www\India-2\thinkphp\lang\zh-cn.php
[ info ] [ ROUTE ] array (
)
[ info ] [ HEADER ] array (
  'cookie' => 'PHPSESSID=7jict41quc9b3bcelp52veed7t; cokieUser=%253D6pqdPFrx; cokieId=fPjRC; cokieIp=fOmW2bbs1PyRDiFBC; cokieBr=-t2DtCDbl80ki; cokieOs=UWboBHOe7DIK6UUH4; cokieTime=bblR0NwK2dmbFLM%253DM',
  'accept-language' => 'zh-CN,zh;q=0.9,en;q=0.8',
  'accept-encoding' => 'gzip, deflate',
  'referer' => 'http://www.india2.com/lmgadmin//index/index.html',
  'origin' => 'http://www.india2.com',
  'content-type' => 'application/x-www-form-urlencoded; charset=UTF-8',
  'adddate' => '2',
  'user-agent' => 'Mozilla/5.0 (Windows NT 6.1; Win64; x64) AppleWebKit/537.36 (KHTML, like Gecko) Chrome/80.0.3987.149 Safari/537.36',
  'x-requested-with' => 'XMLHttpRequest',
  'accept' => '*/*',
  'content-length' => '80',
  'connection' => 'close',
  'host' => 'www.india2.com',
)
[ info ] [ PARAM ] array (
  'username' => 'l联系我们2131',
  'content' => '<p>1231</p>',
)
[ info ] [ DB ] INIT mysql
[ error ] [0]method not exist:app\common\model\Faq->check[D:\www\India-2\thinkphp\library\think\db\Query.php:180]
---------------------------------------------------------------
[2020-04-07T23:56:09+08:00] 127.0.0.1 POST www.india2.com/lmgadmin/contactus/edit.html
[运行时间：0.113007s] [吞吐率：8.85req/s] [内存消耗：3,311.83kb] [文件加载：92]
[ info ] [ LANG ] D:\www\India-2\thinkphp\lang\zh-cn.php
[ info ] [ ROUTE ] array (
)
[ info ] [ HEADER ] array (
  'cookie' => 'PHPSESSID=7jict41quc9b3bcelp52veed7t; cokieUser=%253D6pqdPFrx; cokieId=fPjRC; cokieIp=fOmW2bbs1PyRDiFBC; cokieBr=-t2DtCDbl80ki; cokieOs=UWboBHOe7DIK6UUH4; cokieTime=bblR0NwK2dmbFLM%253DM',
  'accept-language' => 'zh-CN,zh;q=0.9,en;q=0.8',
  'accept-encoding' => 'gzip, deflate',
  'referer' => 'http://www.india2.com/lmgadmin//index/index.html',
  'origin' => 'http://www.india2.com',
  'content-type' => 'application/x-www-form-urlencoded; charset=UTF-8',
  'adddate' => '2',
  'user-agent' => 'Mozilla/5.0 (Windows NT 6.1; Win64; x64) AppleWebKit/537.36 (KHTML, like Gecko) Chrome/80.0.3987.149 Safari/537.36',
  'x-requested-with' => 'XMLHttpRequest',
  'accept' => '*/*',
  'content-length' => '80',
  'connection' => 'close',
  'host' => 'www.india2.com',
)
[ info ] [ PARAM ] array (
  'username' => 'l联系我们2131',
  'content' => '<p>1231</p>',
)
[ info ] [ DB ] INIT mysql
[ error ] [0]method not exist:app\common\model\Faq->check[D:\www\India-2\thinkphp\library\think\db\Query.php:180]
---------------------------------------------------------------
[2020-04-07T23:58:02+08:00] 127.0.0.1 POST www.india2.com/lmgadmin/Contactus/index.html
[运行时间：0.105006s] [吞吐率：9.52req/s] [内存消耗：2,473.89kb] [文件加载：87]
[ info ] [ LANG ] D:\www\India-2\thinkphp\lang\zh-cn.php
[ info ] [ ROUTE ] array (
)
[ info ] [ HEADER ] array (
  'cookie' => 'PHPSESSID=7jict41quc9b3bcelp52veed7t; cokieUser=%253D6pqdPFrx; cokieId=fPjRC; cokieIp=fOmW2bbs1PyRDiFBC; cokieBr=-t2DtCDbl80ki; cokieOs=UWboBHOe7DIK6UUH4; cokieTime=bblR0NwK2dmbFLM%253DM',
  'accept-language' => 'zh-CN,zh;q=0.9,en;q=0.8',
  'accept-encoding' => 'gzip, deflate',
  'referer' => 'http://www.india2.com/lmgadmin//index/index.html',
  'origin' => 'http://www.india2.com',
  'adddate' => '1',
  'user-agent' => 'Mozilla/5.0 (Windows NT 6.1; Win64; x64) AppleWebKit/537.36 (KHTML, like Gecko) Chrome/80.0.3987.149 Safari/537.36',
  'x-requested-with' => 'XMLHttpRequest',
  'accept' => '*/*',
  'content-length' => '0',
  'connection' => 'close',
  'host' => 'www.india2.com',
)
[ info ] [ PARAM ] array (
)
[ info ] [ VIEW ] D:\www\India-2\application\lmgadmin\view\contactus\index.html [ array (
  0 => 'personal',
  1 => 'data',
) ]
---------------------------------------------------------------
[2020-04-07T23:58:02+08:00] 127.0.0.1 GET www.india2.com/lmgadmin/baidu/lang/zh-cn/zh-cn.js
[运行时间：0.072004s] [吞吐率：13.89req/s] [内存消耗：1,914.23kb] [文件加载：67]
[ info ] [ LANG ] D:\www\India-2\thinkphp\lang\zh-cn.php
[ info ] [ ROUTE ] array (
)
[ info ] [ HEADER ] array (
  'cookie' => 'PHPSESSID=7jict41quc9b3bcelp52veed7t; cokieUser=%253D6pqdPFrx; cokieId=fPjRC; cokieIp=fOmW2bbs1PyRDiFBC; cokieBr=-t2DtCDbl80ki; cokieOs=UWboBHOe7DIK6UUH4; cokieTime=bblR0NwK2dmbFLM%253DM',
  'accept-language' => 'zh-CN,zh;q=0.9,en;q=0.8',
  'accept-encoding' => 'gzip, deflate',
  'referer' => 'http://www.india2.com/lmgadmin//index/index.html',
  'user-agent' => 'Mozilla/5.0 (Windows NT 6.1; Win64; x64) AppleWebKit/537.36 (KHTML, like Gecko) Chrome/80.0.3987.149 Safari/537.36',
  'x-requested-with' => 'XMLHttpRequest',
  'accept' => 'text/javascript, application/javascript, application/ecmascript, application/x-ecmascript, */*; q=0.01',
  'connection' => 'close',
  'host' => 'www.india2.com',
)
[ info ] [ PARAM ] array (
  'cn' => 'zh-cn.js',
)
---------------------------------------------------------------
[2020-04-07T23:58:12+08:00] 127.0.0.1 POST www.india2.com/lmgadmin/contactus/edit.html
[运行时间：0.107006s] [吞吐率：9.35req/s] [内存消耗：3,311.78kb] [文件加载：92]
[ info ] [ LANG ] D:\www\India-2\thinkphp\lang\zh-cn.php
[ info ] [ ROUTE ] array (
)
[ info ] [ HEADER ] array (
  'cookie' => 'PHPSESSID=7jict41quc9b3bcelp52veed7t; cokieUser=%253D6pqdPFrx; cokieId=fPjRC; cokieIp=fOmW2bbs1PyRDiFBC; cokieBr=-t2DtCDbl80ki; cokieOs=UWboBHOe7DIK6UUH4; cokieTime=bblR0NwK2dmbFLM%253DM',
  'accept-language' => 'zh-CN,zh;q=0.9,en;q=0.8',
  'accept-encoding' => 'gzip, deflate',
  'referer' => 'http://www.india2.com/lmgadmin//index/index.html',
  'origin' => 'http://www.india2.com',
  'content-type' => 'application/x-www-form-urlencoded; charset=UTF-8',
  'adddate' => '2',
  'user-agent' => 'Mozilla/5.0 (Windows NT 6.1; Win64; x64) AppleWebKit/537.36 (KHTML, like Gecko) Chrome/80.0.3987.149 Safari/537.36',
  'x-requested-with' => 'XMLHttpRequest',
  'accept' => '*/*',
  'content-length' => '43',
  'connection' => 'close',
  'host' => 'www.india2.com',
)
[ info ] [ PARAM ] array (
  'username' => '2131',
  'content' => '<p>1231</p>',
)
[ info ] [ DB ] INIT mysql
[ error ] [0]method not exist:app\common\model\Faq->check[D:\www\India-2\thinkphp\library\think\db\Query.php:180]
---------------------------------------------------------------
[2020-04-07T23:58:59+08:00] 127.0.0.1 GET www.india2.com/lmgadmin//index/index.html
[运行时间：0.105006s] [吞吐率：9.52req/s] [内存消耗：2,446.19kb] [文件加载：84]
[ info ] [ LANG ] D:\www\India-2\thinkphp\lang\zh-cn.php
[ info ] [ ROUTE ] array (
)
[ info ] [ HEADER ] array (
  'cookie' => 'PHPSESSID=7jict41quc9b3bcelp52veed7t; cokieUser=%253D6pqdPFrx; cokieId=fPjRC; cokieIp=fOmW2bbs1PyRDiFBC; cokieBr=-t2DtCDbl80ki; cokieOs=UWboBHOe7DIK6UUH4; cokieTime=bblR0NwK2dmbFLM%253DM',
  'accept-language' => 'zh-CN,zh;q=0.9,en;q=0.8',
  'accept-encoding' => 'gzip, deflate',
  'referer' => 'http://www.india2.com/lmgadmin//index/index.html',
  'accept' => 'text/html,application/xhtml+xml,application/xml;q=0.9,image/webp,image/apng,*/*;q=0.8,application/signed-exchange;v=b3;q=0.9',
  'user-agent' => 'Mozilla/5.0 (Windows NT 6.1; Win64; x64) AppleWebKit/537.36 (KHTML, like Gecko) Chrome/80.0.3987.149 Safari/537.36',
  'upgrade-insecure-requests' => '1',
  'cache-control' => 'max-age=0',
  'connection' => 'close',
  'host' => 'www.india2.com',
)
[ info ] [ PARAM ] array (
)
[ info ] [ VIEW ] D:\www\India-2\application\lmgadmin\view\index\index.html [ array (
  0 => 'personal',
  1 => 'column',
  2 => 'AdminArray',
) ]
---------------------------------------------------------------
[2020-04-07T23:58:59+08:00] 127.0.0.1 POST www.india2.com/lmgadmin/Contactus/index.html
[运行时间：0.141008s] [吞吐率：7.09req/s] [内存消耗：2,473.80kb] [文件加载：87]
[ info ] [ LANG ] D:\www\India-2\thinkphp\lang\zh-cn.php
[ info ] [ ROUTE ] array (
)
[ info ] [ HEADER ] array (
  'cookie' => 'PHPSESSID=7jict41quc9b3bcelp52veed7t; cokieUser=%253D6pqdPFrx; cokieId=fPjRC; cokieIp=fOmW2bbs1PyRDiFBC; cokieBr=-t2DtCDbl80ki; cokieOs=UWboBHOe7DIK6UUH4; cokieTime=bblR0NwK2dmbFLM%253DM',
  'accept-language' => 'zh-CN,zh;q=0.9,en;q=0.8',
  'accept-encoding' => 'gzip, deflate',
  'referer' => 'http://www.india2.com/lmgadmin//index/index.html',
  'origin' => 'http://www.india2.com',
  'adddate' => '1',
  'user-agent' => 'Mozilla/5.0 (Windows NT 6.1; Win64; x64) AppleWebKit/537.36 (KHTML, like Gecko) Chrome/80.0.3987.149 Safari/537.36',
  'x-requested-with' => 'XMLHttpRequest',
  'accept' => '*/*',
  'content-length' => '0',
  'connection' => 'close',
  'host' => 'www.india2.com',
)
[ info ] [ PARAM ] array (
)
[ info ] [ VIEW ] D:\www\India-2\application\lmgadmin\view\contactus\index.html [ array (
  0 => 'personal',
  1 => 'data',
) ]
---------------------------------------------------------------
[2020-04-07T23:59:00+08:00] 127.0.0.1 GET www.india2.com/lmgadmin/baidu/lang/zh-cn/zh-cn.js
[运行时间：0.094006s] [吞吐率：10.64req/s] [内存消耗：1,914.23kb] [文件加载：67]
[ info ] [ LANG ] D:\www\India-2\thinkphp\lang\zh-cn.php
[ info ] [ ROUTE ] array (
)
[ info ] [ HEADER ] array (
  'cookie' => 'PHPSESSID=7jict41quc9b3bcelp52veed7t; cokieUser=%253D6pqdPFrx; cokieId=fPjRC; cokieIp=fOmW2bbs1PyRDiFBC; cokieBr=-t2DtCDbl80ki; cokieOs=UWboBHOe7DIK6UUH4; cokieTime=bblR0NwK2dmbFLM%253DM',
  'accept-language' => 'zh-CN,zh;q=0.9,en;q=0.8',
  'accept-encoding' => 'gzip, deflate',
  'referer' => 'http://www.india2.com/lmgadmin//index/index.html',
  'user-agent' => 'Mozilla/5.0 (Windows NT 6.1; Win64; x64) AppleWebKit/537.36 (KHTML, like Gecko) Chrome/80.0.3987.149 Safari/537.36',
  'x-requested-with' => 'XMLHttpRequest',
  'accept' => 'text/javascript, application/javascript, application/ecmascript, application/x-ecmascript, */*; q=0.01',
  'connection' => 'close',
  'host' => 'www.india2.com',
)
[ info ] [ PARAM ] array (
  'cn' => 'zh-cn.js',
)
---------------------------------------------------------------
[2020-04-07T23:59:07+08:00] 127.0.0.1 POST www.india2.com/lmgadmin/contactus/edit.html
[运行时间：0.131008s] [吞吐率：7.63req/s] [内存消耗：3,311.80kb] [文件加载：92]
[ info ] [ LANG ] D:\www\India-2\thinkphp\lang\zh-cn.php
[ info ] [ ROUTE ] array (
)
[ info ] [ HEADER ] array (
  'cookie' => 'PHPSESSID=7jict41quc9b3bcelp52veed7t; cokieUser=%253D6pqdPFrx; cokieId=fPjRC; cokieIp=fOmW2bbs1PyRDiFBC; cokieBr=-t2DtCDbl80ki; cokieOs=UWboBHOe7DIK6UUH4; cokieTime=bblR0NwK2dmbFLM%253DM',
  'accept-language' => 'zh-CN,zh;q=0.9,en;q=0.8',
  'accept-encoding' => 'gzip, deflate',
  'referer' => 'http://www.india2.com/lmgadmin//index/index.html',
  'origin' => 'http://www.india2.com',
  'content-type' => 'application/x-www-form-urlencoded; charset=UTF-8',
  'adddate' => '2',
  'user-agent' => 'Mozilla/5.0 (Windows NT 6.1; Win64; x64) AppleWebKit/537.36 (KHTML, like Gecko) Chrome/80.0.3987.149 Safari/537.36',
  'x-requested-with' => 'XMLHttpRequest',
  'accept' => '*/*',
  'content-length' => '75',
  'connection' => 'close',
  'host' => 'www.india2.com',
)
[ info ] [ PARAM ] array (
  'username' => '联系我们',
  'content' => '<p>1231</p>',
)
[ info ] [ DB ] INIT mysql
[ error ] [0]method not exist:app\common\model\Contactus->check[D:\www\India-2\thinkphp\library\think\db\Query.php:180]
